This file contains any messages produced by compilers while
running configure, to aid debugging if configure makes a mistake.

It was created by Robo Soccer configure 1.0, which was
generated by GNU Autoconf 2.68.  Invocation command line was

  $ ./configure 

## --------- ##
## Platform. ##
## --------- ##

hostname = cardinal
uname -m = x86_64
uname -r = 3.2.0-44-generic
uname -s = Linux
uname -v = #69-Ubuntu SMP Thu May 16 17:35:01 UTC 2013

/usr/bin/uname -p = unknown
/bin/uname -X     = unknown

/bin/arch              = unknown
/usr/bin/arch -k       = unknown
/usr/convex/getsysinfo = unknown
/usr/bin/hostinfo      = unknown
/bin/machine           = unknown
/usr/bin/oslevel       = unknown
/bin/universe          = unknown

PATH: /usr/local/sbin
PATH: /usr/local/bin
PATH: /usr/sbin
PATH: /usr/bin
PATH: /sbin
PATH: /bin
PATH: /usr/games


## ----------- ##
## Core tests. ##
## ----------- ##

configure:2287: checking for a BSD-compatible install
configure:2355: result: /usr/bin/install -c
configure:2366: checking whether build environment is sane
configure:2416: result: yes
configure:2557: checking for a thread-safe mkdir -p
configure:2596: result: /bin/mkdir -p
configure:2609: checking for gawk
configure:2625: found /usr/bin/gawk
configure:2636: result: gawk
configure:2647: checking whether make sets $(MAKE)
configure:2669: result: yes
configure:2804: checking for gcc
configure:2820: found /usr/bin/gcc
configure:2831: result: gcc
configure:3060: checking for C compiler version
configure:3069: gcc --version >&5
gcc (Ubuntu/Linaro 4.6.3-1ubuntu5) 4.6.3
Copyright (C) 2011 Free Software Foundation, Inc.
This is free software; see the source for copying conditions.  There is NO
warranty; not even for MERCHANTABILITY or FITNESS FOR A PARTICULAR PURPOSE.

configure:3080: $? = 0
configure:3069: gcc -v >&5
Using built-in specs.
COLLECT_GCC=gcc
COLLECT_LTO_WRAPPER=/usr/lib/gcc/x86_64-linux-gnu/4.6/lto-wrapper
Target: x86_64-linux-gnu
Configured with: ../src/configure -v --with-pkgversion='Ubuntu/Linaro 4.6.3-1ubuntu5' --with-bugurl=file:///usr/share/doc/gcc-4.6/README.Bugs --enable-languages=c,c++,fortran,objc,obj-c++ --prefix=/usr --program-suffix=-4.6 --enable-shared --enable-linker-build-id --with-system-zlib --libexecdir=/usr/lib --without-included-gettext --enable-threads=posix --with-gxx-include-dir=/usr/include/c++/4.6 --libdir=/usr/lib --enable-nls --with-sysroot=/ --enable-clocale=gnu --enable-libstdcxx-debug --enable-libstdcxx-time=yes --enable-gnu-unique-object --enable-plugin --enable-objc-gc --disable-werror --with-arch-32=i686 --with-tune=generic --enable-checking=release --build=x86_64-linux-gnu --host=x86_64-linux-gnu --target=x86_64-linux-gnu
Thread model: posix
gcc version 4.6.3 (Ubuntu/Linaro 4.6.3-1ubuntu5) 
configure:3080: $? = 0
configure:3069: gcc -V >&5
gcc: error: unrecognized option '-V'
gcc: fatal error: no input files
compilation terminated.
configure:3080: $? = 4
configure:3069: gcc -qversion >&5
gcc: error: unrecognized option '-qversion'
gcc: fatal error: no input files
compilation terminated.
configure:3080: $? = 4
configure:3100: checking whether the C compiler works
configure:3122: gcc    conftest.c  >&5
configure:3126: $? = 0
configure:3174: result: yes
configure:3177: checking for C compiler default output file name
configure:3179: result: a.out
configure:3185: checking for suffix of executables
configure:3192: gcc -o conftest    conftest.c  >&5
configure:3196: $? = 0
configure:3218: result: 
configure:3240: checking whether we are cross compiling
configure:3248: gcc -o conftest    conftest.c  >&5
configure:3252: $? = 0
configure:3259: ./conftest
configure:3263: $? = 0
configure:3278: result: no
configure:3283: checking for suffix of object files
configure:3305: gcc -c   conftest.c >&5
configure:3309: $? = 0
configure:3330: result: o
configure:3334: checking whether we are using the GNU C compiler
configure:3353: gcc -c   conftest.c >&5
configure:3353: $? = 0
configure:3362: result: yes
configure:3371: checking whether gcc accepts -g
configure:3391: gcc -c -g  conftest.c >&5
configure:3391: $? = 0
configure:3432: result: yes
configure:3449: checking for gcc option to accept ISO C89
configure:3513: gcc  -c -g -O2  conftest.c >&5
configure:3513: $? = 0
configure:3526: result: none needed
configure:3557: checking for style of include used by make
configure:3585: result: GNU
configure:3611: checking dependency style of gcc
configure:3722: result: gcc3
configure:3742: checking for gawk
configure:3769: result: gawk
configure:3781: checking whether ln -s works
configure:3785: result: yes
configure:3795: checking for glEnable in -lGL
configure:3820: gcc -o conftest -g -O2   conftest.c -lGL   >&5
configure:3820: $? = 0
configure:3829: result: yes
configure:3840: checking for gluBeginTrim in -lGLU
configure:3865: gcc -o conftest -g -O2   conftest.c -lGLU  -lGL  >&5
configure:3865: $? = 0
configure:3874: result: yes
configure:3885: checking for SDL_Init in -lSDL
configure:3910: gcc -o conftest -g -O2   conftest.c -lSDL  -lGLU -lGL  >&5
configure:3910: $? = 0
configure:3919: result: yes
configure:3930: checking for glutInit in -lglut
configure:3955: gcc -o conftest -g -O2   conftest.c -lglut  -lSDL -lGLU -lGL  >&5
configure:3955: $? = 0
configure:3964: result: yes
configure:3975: checking for jpeg_CreateCompress in -ljpeg
configure:4000: gcc -o conftest -g -O2   conftest.c -ljpeg  -lglut -lSDL -lGLU -lGL  >&5
configure:4000: $? = 0
configure:4009: result: yes
configure:4020: checking for baswap in -lbluetooth
configure:4045: gcc -o conftest -g -O2   conftest.c -lbluetooth  -ljpeg -lglut -lSDL -lGLU -lGL  >&5
configure:4045: $? = 0
configure:4054: result: yes
configure:4065: checking for sqrt in -lm
configure:4090: gcc -o conftest -g -O2   conftest.c -lm  -lbluetooth -ljpeg -lglut -lSDL -lGLU -lGL  >&5
conftest.c:24:6: warning: conflicting types for built-in function 'sqrt' [enabled by default]
configure:4090: $? = 0
configure:4099: result: yes
configure:4110: checking for pthread_create in -lpthread
configure:4135: gcc -o conftest -g -O2   conftest.c -lpthread  -lm -lbluetooth -ljpeg -lglut -lSDL -lGLU -lGL  >&5
configure:4135: $? = 0
configure:4144: result: yes
configure:4162: checking how to run the C preprocessor
configure:4193: gcc -E  conftest.c
configure:4193: $? = 0
configure:4207: gcc -E  conftest.c
conftest.c:19:28: fatal error: ac_nonexistent.h: No such file or directory
compilation terminated.
configure:4207: $? = 1
configure: failed program was:
| /* confdefs.h */
| #define PACKAGE_NAME "Robo Soccer"
| #define PACKAGE_TARNAME "robo-soccer"
| #define PACKAGE_VERSION "1.0"
| #define PACKAGE_STRING "Robo Soccer 1.0"
| #define PACKAGE_BUGREPORT "wisalam@live.com"
| #define PACKAGE_URL ""
| #define PACKAGE "robo-soccer"
| #define VERSION "1.0"
| #define HAVE_LIBGL 1
| #define HAVE_LIBGLU 1
| #define HAVE_LIBSDL 1
| #define HAVE_LIBGLUT 1
| #define HAVE_LIBJPEG 1
| #define HAVE_LIBBLUETOOTH 1
| #define HAVE_LIBM 1
| #define HAVE_LIBPTHREAD 1
| /* end confdefs.h.  */
| #include <ac_nonexistent.h>
configure:4232: result: gcc -E
configure:4252: gcc -E  conftest.c
configure:4252: $? = 0
configure:4266: gcc -E  conftest.c
conftest.c:19:28: fatal error: ac_nonexistent.h: No such file or directory
compilation terminated.
configure:4266: $? = 1
configure: failed program was:
| /* confdefs.h */
| #define PACKAGE_NAME "Robo Soccer"
| #define PACKAGE_TARNAME "robo-soccer"
| #define PACKAGE_VERSION "1.0"
| #define PACKAGE_STRING "Robo Soccer 1.0"
| #define PACKAGE_BUGREPORT "wisalam@live.com"
| #define PACKAGE_URL ""
| #define PACKAGE "robo-soccer"
| #define VERSION "1.0"
| #define HAVE_LIBGL 1
| #define HAVE_LIBGLU 1
| #define HAVE_LIBSDL 1
| #define HAVE_LIBGLUT 1
| #define HAVE_LIBJPEG 1
| #define HAVE_LIBBLUETOOTH 1
| #define HAVE_LIBM 1
| #define HAVE_LIBPTHREAD 1
| /* end confdefs.h.  */
| #include <ac_nonexistent.h>
configure:4295: checking for X
configure:4403: gcc -E  conftest.c
configure:4403: $? = 0
configure:4434: gcc -o conftest -g -O2   conftest.c -lX11 -lpthread -lm -lbluetooth -ljpeg -lglut -lSDL -lGLU -lGL  >&5
configure:4434: $? = 0
configure:4484: result: libraries , headers 
configure:4488: checking for grep that handles long lines and -e
configure:4546: result: /bin/grep
configure:4551: checking for egrep
configure:4613: result: /bin/grep -E
configure:4618: checking for ANSI C header files
configure:4638: gcc -c -g -O2  conftest.c >&5
configure:4638: $? = 0
configure:4711: gcc -o conftest -g -O2   conftest.c -lpthread -lm -lbluetooth -ljpeg -lglut -lSDL -lGLU -lGL  >&5
configure:4711: $? = 0
configure:4711: ./conftest
configure:4711: $? = 0
configure:4722: result: yes
configure:4735: checking for sys/types.h
configure:4735: gcc -c -g -O2  conftest.c >&5
configure:4735: $? = 0
configure:4735: result: yes
configure:4735: checking for sys/stat.h
configure:4735: gcc -c -g -O2  conftest.c >&5
configure:4735: $? = 0
configure:4735: result: yes
configure:4735: checking for stdlib.h
configure:4735: gcc -c -g -O2  conftest.c >&5
configure:4735: $? = 0
configure:4735: result: yes
configure:4735: checking for string.h
configure:4735: gcc -c -g -O2  conftest.c >&5
configure:4735: $? = 0
configure:4735: result: yes
configure:4735: checking for memory.h
configure:4735: gcc -c -g -O2  conftest.c >&5
configure:4735: $? = 0
configure:4735: result: yes
configure:4735: checking for strings.h
configure:4735: gcc -c -g -O2  conftest.c >&5
configure:4735: $? = 0
configure:4735: result: yes
configure:4735: checking for inttypes.h
configure:4735: gcc -c -g -O2  conftest.c >&5
configure:4735: $? = 0
configure:4735: result: yes
configure:4735: checking for stdint.h
configure:4735: gcc -c -g -O2  conftest.c >&5
configure:4735: $? = 0
configure:4735: result: yes
configure:4735: checking for unistd.h
configure:4735: gcc -c -g -O2  conftest.c >&5
configure:4735: $? = 0
configure:4735: result: yes
configure:4750: checking fcntl.h usability
configure:4750: gcc -c -g -O2  conftest.c >&5
configure:4750: $? = 0
configure:4750: result: yes
configure:4750: checking fcntl.h presence
configure:4750: gcc -E  conftest.c
configure:4750: $? = 0
configure:4750: result: yes
configure:4750: checking for fcntl.h
configure:4750: result: yes
configure:4750: checking for inttypes.h
configure:4750: result: yes
configure:4750: checking limits.h usability
configure:4750: gcc -c -g -O2  conftest.c >&5
configure:4750: $? = 0
configure:4750: result: yes
configure:4750: checking limits.h presence
configure:4750: gcc -E  conftest.c
configure:4750: $? = 0
configure:4750: result: yes
configure:4750: checking for limits.h
configure:4750: result: yes
configure:4750: checking malloc.h usability
configure:4750: gcc -c -g -O2  conftest.c >&5
configure:4750: $? = 0
configure:4750: result: yes
configure:4750: checking malloc.h presence
configure:4750: gcc -E  conftest.c
configure:4750: $? = 0
configure:4750: result: yes
configure:4750: checking for malloc.h
configure:4750: result: yes
configure:4750: checking for stdint.h
configure:4750: result: yes
configure:4750: checking for stdlib.h
configure:4750: result: yes
configure:4750: checking for string.h
configure:4750: result: yes
configure:4750: checking sys/file.h usability
configure:4750: gcc -c -g -O2  conftest.c >&5
configure:4750: $? = 0
configure:4750: result: yes
configure:4750: checking sys/file.h presence
configure:4750: gcc -E  conftest.c
configure:4750: $? = 0
configure:4750: result: yes
configure:4750: checking for sys/file.h
configure:4750: result: yes
configure:4750: checking sys/ioctl.h usability
configure:4750: gcc -c -g -O2  conftest.c >&5
configure:4750: $? = 0
configure:4750: result: yes
configure:4750: checking sys/ioctl.h presence
configure:4750: gcc -E  conftest.c
configure:4750: $? = 0
configure:4750: result: yes
configure:4750: checking for sys/ioctl.h
configure:4750: result: yes
configure:4750: checking sys/param.h usability
configure:4750: gcc -c -g -O2  conftest.c >&5
configure:4750: $? = 0
configure:4750: result: yes
configure:4750: checking sys/param.h presence
configure:4750: gcc -E  conftest.c
configure:4750: $? = 0
configure:4750: result: yes
configure:4750: checking for sys/param.h
configure:4750: result: yes
configure:4750: checking sys/socket.h usability
configure:4750: gcc -c -g -O2  conftest.c >&5
configure:4750: $? = 0
configure:4750: result: yes
configure:4750: checking sys/socket.h presence
configure:4750: gcc -E  conftest.c
configure:4750: $? = 0
configure:4750: result: yes
configure:4750: checking for sys/socket.h
configure:4750: result: yes
configure:4750: checking sys/time.h usability
configure:4750: gcc -c -g -O2  conftest.c >&5
configure:4750: $? = 0
configure:4750: result: yes
configure:4750: checking sys/time.h presence
configure:4750: gcc -E  conftest.c
configure:4750: $? = 0
configure:4750: result: yes
configure:4750: checking for sys/time.h
configure:4750: result: yes
configure:4750: checking for unistd.h
configure:4750: result: yes
configure:4762: checking for inline
configure:4778: gcc -c -g -O2  conftest.c >&5
configure:4778: $? = 0
configure:4786: result: inline
configure:4804: checking for off_t
configure:4804: gcc -c -g -O2  conftest.c >&5
configure:4804: $? = 0
configure:4804: gcc -c -g -O2  conftest.c >&5
conftest.c: In function 'main':
conftest.c:78:20: error: expected expression before ')' token
configure:4804: $? = 1
configure: failed program was:
| /* confdefs.h */
| #define PACKAGE_NAME "Robo Soccer"
| #define PACKAGE_TARNAME "robo-soccer"
| #define PACKAGE_VERSION "1.0"
| #define PACKAGE_STRING "Robo Soccer 1.0"
| #define PACKAGE_BUGREPORT "wisalam@live.com"
| #define PACKAGE_URL ""
| #define PACKAGE "robo-soccer"
| #define VERSION "1.0"
| #define HAVE_LIBGL 1
| #define HAVE_LIBGLU 1
| #define HAVE_LIBSDL 1
| #define HAVE_LIBGLUT 1
| #define HAVE_LIBJPEG 1
| #define HAVE_LIBBLUETOOTH 1
| #define HAVE_LIBM 1
| #define HAVE_LIBPTHREAD 1
| #define STDC_HEADERS 1
| #define HAVE_SYS_TYPES_H 1
| #define HAVE_SYS_STAT_H 1
| #define HAVE_STDLIB_H 1
| #define HAVE_STRING_H 1
| #define HAVE_MEMORY_H 1
| #define HAVE_STRINGS_H 1
| #define HAVE_INTTYPES_H 1
| #define HAVE_STDINT_H 1
| #define HAVE_UNISTD_H 1
| #define HAVE_FCNTL_H 1
| #define HAVE_INTTYPES_H 1
| #define HAVE_LIMITS_H 1
| #define HAVE_MALLOC_H 1
| #define HAVE_STDINT_H 1
| #define HAVE_STDLIB_H 1
| #define HAVE_STRING_H 1
| #define HAVE_SYS_FILE_H 1
| #define HAVE_SYS_IOCTL_H 1
| #define HAVE_SYS_PARAM_H 1
| #define HAVE_SYS_SOCKET_H 1
| #define HAVE_SYS_TIME_H 1
| #define HAVE_UNISTD_H 1
| /* end confdefs.h.  */
| #include <stdio.h>
| #ifdef HAVE_SYS_TYPES_H
| # include <sys/types.h>
| #endif
| #ifdef HAVE_SYS_STAT_H
| # include <sys/stat.h>
| #endif
| #ifdef STDC_HEADERS
| # include <stdlib.h>
| # include <stddef.h>
| #else
| # ifdef HAVE_STDLIB_H
| #  include <stdlib.h>
| # endif
| #endif
| #ifdef HAVE_STRING_H
| # if !defined STDC_HEADERS && defined HAVE_MEMORY_H
| #  include <memory.h>
| # endif
| # include <string.h>
| #endif
| #ifdef HAVE_STRINGS_H
| # include <strings.h>
| #endif
| #ifdef HAVE_INTTYPES_H
| # include <inttypes.h>
| #endif
| #ifdef HAVE_STDINT_H
| # include <stdint.h>
| #endif
| #ifdef HAVE_UNISTD_H
| # include <unistd.h>
| #endif
| int
| main ()
| {
| if (sizeof ((off_t)))
| 	    return 0;
|   ;
|   return 0;
| }
configure:4804: result: yes
configure:4815: checking for size_t
configure:4815: gcc -c -g -O2  conftest.c >&5
configure:4815: $? = 0
configure:4815: gcc -c -g -O2  conftest.c >&5
conftest.c: In function 'main':
conftest.c:78:21: error: expected expression before ')' token
configure:4815: $? = 1
configure: failed program was:
| /* confdefs.h */
| #define PACKAGE_NAME "Robo Soccer"
| #define PACKAGE_TARNAME "robo-soccer"
| #define PACKAGE_VERSION "1.0"
| #define PACKAGE_STRING "Robo Soccer 1.0"
| #define PACKAGE_BUGREPORT "wisalam@live.com"
| #define PACKAGE_URL ""
| #define PACKAGE "robo-soccer"
| #define VERSION "1.0"
| #define HAVE_LIBGL 1
| #define HAVE_LIBGLU 1
| #define HAVE_LIBSDL 1
| #define HAVE_LIBGLUT 1
| #define HAVE_LIBJPEG 1
| #define HAVE_LIBBLUETOOTH 1
| #define HAVE_LIBM 1
| #define HAVE_LIBPTHREAD 1
| #define STDC_HEADERS 1
| #define HAVE_SYS_TYPES_H 1
| #define HAVE_SYS_STAT_H 1
| #define HAVE_STDLIB_H 1
| #define HAVE_STRING_H 1
| #define HAVE_MEMORY_H 1
| #define HAVE_STRINGS_H 1
| #define HAVE_INTTYPES_H 1
| #define HAVE_STDINT_H 1
| #define HAVE_UNISTD_H 1
| #define HAVE_FCNTL_H 1
| #define HAVE_INTTYPES_H 1
| #define HAVE_LIMITS_H 1
| #define HAVE_MALLOC_H 1
| #define HAVE_STDINT_H 1
| #define HAVE_STDLIB_H 1
| #define HAVE_STRING_H 1
| #define HAVE_SYS_FILE_H 1
| #define HAVE_SYS_IOCTL_H 1
| #define HAVE_SYS_PARAM_H 1
| #define HAVE_SYS_SOCKET_H 1
| #define HAVE_SYS_TIME_H 1
| #define HAVE_UNISTD_H 1
| /* end confdefs.h.  */
| #include <stdio.h>
| #ifdef HAVE_SYS_TYPES_H
| # include <sys/types.h>
| #endif
| #ifdef HAVE_SYS_STAT_H
| # include <sys/stat.h>
| #endif
| #ifdef STDC_HEADERS
| # include <stdlib.h>
| # include <stddef.h>
| #else
| # ifdef HAVE_STDLIB_H
| #  include <stdlib.h>
| # endif
| #endif
| #ifdef HAVE_STRING_H
| # if !defined STDC_HEADERS && defined HAVE_MEMORY_H
| #  include <memory.h>
| # endif
| # include <string.h>
| #endif
| #ifdef HAVE_STRINGS_H
| # include <strings.h>
| #endif
| #ifdef HAVE_INTTYPES_H
| # include <inttypes.h>
| #endif
| #ifdef HAVE_STDINT_H
| # include <stdint.h>
| #endif
| #ifdef HAVE_UNISTD_H
| # include <unistd.h>
| #endif
| int
| main ()
| {
| if (sizeof ((size_t)))
| 	    return 0;
|   ;
|   return 0;
| }
configure:4815: result: yes
configure:4826: checking for ssize_t
configure:4826: gcc -c -g -O2  conftest.c >&5
configure:4826: $? = 0
configure:4826: gcc -c -g -O2  conftest.c >&5
conftest.c: In function 'main':
conftest.c:78:22: error: expected expression before ')' token
configure:4826: $? = 1
configure: failed program was:
| /* confdefs.h */
| #define PACKAGE_NAME "Robo Soccer"
| #define PACKAGE_TARNAME "robo-soccer"
| #define PACKAGE_VERSION "1.0"
| #define PACKAGE_STRING "Robo Soccer 1.0"
| #define PACKAGE_BUGREPORT "wisalam@live.com"
| #define PACKAGE_URL ""
| #define PACKAGE "robo-soccer"
| #define VERSION "1.0"
| #define HAVE_LIBGL 1
| #define HAVE_LIBGLU 1
| #define HAVE_LIBSDL 1
| #define HAVE_LIBGLUT 1
| #define HAVE_LIBJPEG 1
| #define HAVE_LIBBLUETOOTH 1
| #define HAVE_LIBM 1
| #define HAVE_LIBPTHREAD 1
| #define STDC_HEADERS 1
| #define HAVE_SYS_TYPES_H 1
| #define HAVE_SYS_STAT_H 1
| #define HAVE_STDLIB_H 1
| #define HAVE_STRING_H 1
| #define HAVE_MEMORY_H 1
| #define HAVE_STRINGS_H 1
| #define HAVE_INTTYPES_H 1
| #define HAVE_STDINT_H 1
| #define HAVE_UNISTD_H 1
| #define HAVE_FCNTL_H 1
| #define HAVE_INTTYPES_H 1
| #define HAVE_LIMITS_H 1
| #define HAVE_MALLOC_H 1
| #define HAVE_STDINT_H 1
| #define HAVE_STDLIB_H 1
| #define HAVE_STRING_H 1
| #define HAVE_SYS_FILE_H 1
| #define HAVE_SYS_IOCTL_H 1
| #define HAVE_SYS_PARAM_H 1
| #define HAVE_SYS_SOCKET_H 1
| #define HAVE_SYS_TIME_H 1
| #define HAVE_UNISTD_H 1
| /* end confdefs.h.  */
| #include <stdio.h>
| #ifdef HAVE_SYS_TYPES_H
| # include <sys/types.h>
| #endif
| #ifdef HAVE_SYS_STAT_H
| # include <sys/stat.h>
| #endif
| #ifdef STDC_HEADERS
| # include <stdlib.h>
| # include <stddef.h>
| #else
| # ifdef HAVE_STDLIB_H
| #  include <stdlib.h>
| # endif
| #endif
| #ifdef HAVE_STRING_H
| # if !defined STDC_HEADERS && defined HAVE_MEMORY_H
| #  include <memory.h>
| # endif
| # include <string.h>
| #endif
| #ifdef HAVE_STRINGS_H
| # include <strings.h>
| #endif
| #ifdef HAVE_INTTYPES_H
| # include <inttypes.h>
| #endif
| #ifdef HAVE_STDINT_H
| # include <stdint.h>
| #endif
| #ifdef HAVE_UNISTD_H
| # include <unistd.h>
| #endif
| int
| main ()
| {
| if (sizeof ((ssize_t)))
| 	    return 0;
|   ;
|   return 0;
| }
configure:4826: result: yes
configure:4837: checking for uint16_t
configure:4837: gcc -c -g -O2  conftest.c >&5
configure:4837: $? = 0
configure:4837: result: yes
configure:4849: checking for uint32_t
configure:4849: gcc -c -g -O2  conftest.c >&5
configure:4849: $? = 0
configure:4849: result: yes
configure:4863: checking for uint64_t
configure:4863: gcc -c -g -O2  conftest.c >&5
configure:4863: $? = 0
configure:4863: result: yes
configure:4877: checking for uint8_t
configure:4877: gcc -c -g -O2  conftest.c >&5
configure:4877: $? = 0
configure:4877: result: yes
configure:4895: checking for stdlib.h
configure:4895: result: yes
configure:4905: checking for GNU libc compatible malloc
configure:4929: gcc -o conftest -g -O2   conftest.c -lpthread -lm -lbluetooth -ljpeg -lglut -lSDL -lGLU -lGL  >&5
configure:4929: $? = 0
configure:4929: ./conftest
configure:4929: $? = 0
configure:4939: result: yes
configure:4966: checking for stdlib.h
configure:4966: result: yes
configure:4966: checking for unistd.h
configure:4966: result: yes
configure:4966: checking for sys/param.h
configure:4966: result: yes
configure:4986: checking for getpagesize
configure:4986: gcc -o conftest -g -O2   conftest.c -lpthread -lm -lbluetooth -ljpeg -lglut -lSDL -lGLU -lGL  >&5
configure:4986: $? = 0
configure:4986: result: yes
configure:4995: checking for working mmap
configure:5142: gcc -o conftest -g -O2   conftest.c -lpthread -lm -lbluetooth -ljpeg -lglut -lSDL -lGLU -lGL  >&5
configure:5142: $? = 0
configure:5142: ./conftest
configure:5142: $? = 0
configure:5152: result: yes
configure:5163: checking for stdlib.h
configure:5163: result: yes
configure:5173: checking for GNU libc compatible realloc
configure:5197: gcc -o conftest -g -O2   conftest.c -lpthread -lm -lbluetooth -ljpeg -lglut -lSDL -lGLU -lGL  >&5
configure:5197: $? = 0
configure:5197: ./conftest
configure:5197: $? = 0
configure:5207: result: yes
configure:5231: checking for floor
configure:5231: gcc -o conftest -g -O2   conftest.c -lpthread -lm -lbluetooth -ljpeg -lglut -lSDL -lGLU -lGL  >&5
conftest.c:74:6: warning: conflicting types for built-in function 'floor' [enabled by default]
configure:5231: $? = 0
configure:5231: result: yes
configure:5231: checking for ftruncate
configure:5231: gcc -o conftest -g -O2   conftest.c -lpthread -lm -lbluetooth -ljpeg -lglut -lSDL -lGLU -lGL  >&5
configure:5231: $? = 0
configure:5231: result: yes
configure:5231: checking for memset
configure:5231: gcc -o conftest -g -O2   conftest.c -lpthread -lm -lbluetooth -ljpeg -lglut -lSDL -lGLU -lGL  >&5
conftest.c:76:6: warning: conflicting types for built-in function 'memset' [enabled by default]
configure:5231: $? = 0
configure:5231: result: yes
configure:5231: checking for pow
configure:5231: gcc -o conftest -g -O2   conftest.c -lpthread -lm -lbluetooth -ljpeg -lglut -lSDL -lGLU -lGL  >&5
conftest.c:77:6: warning: conflicting types for built-in function 'pow' [enabled by default]
configure:5231: $? = 0
configure:5231: result: yes
configure:5231: checking for select
configure:5231: gcc -o conftest -g -O2   conftest.c -lpthread -lm -lbluetooth -ljpeg -lglut -lSDL -lGLU -lGL  >&5
configure:5231: $? = 0
configure:5231: result: yes
configure:5231: checking for socket
configure:5231: gcc -o conftest -g -O2   conftest.c -lpthread -lm -lbluetooth -ljpeg -lglut -lSDL -lGLU -lGL  >&5
configure:5231: $? = 0
configure:5231: result: yes
configure:5231: checking for sqrt
configure:5231: gcc -o conftest -g -O2   conftest.c -lpthread -lm -lbluetooth -ljpeg -lglut -lSDL -lGLU -lGL  >&5
conftest.c:80:6: warning: conflicting types for built-in function 'sqrt' [enabled by default]
configure:5231: $? = 0
configure:5231: result: yes
configure:5231: checking for strdup
configure:5231: gcc -o conftest -g -O2   conftest.c -lpthread -lm -lbluetooth -ljpeg -lglut -lSDL -lGLU -lGL  >&5
conftest.c:81:6: warning: conflicting types for built-in function 'strdup' [enabled by default]
configure:5231: $? = 0
configure:5231: result: yes
configure:5231: checking for strerror
configure:5231: gcc -o conftest -g -O2   conftest.c -lpthread -lm -lbluetooth -ljpeg -lglut -lSDL -lGLU -lGL  >&5
configure:5231: $? = 0
configure:5231: result: yes
configure:5231: checking for strncasecmp
configure:5231: gcc -o conftest -g -O2   conftest.c -lpthread -lm -lbluetooth -ljpeg -lglut -lSDL -lGLU -lGL  >&5
conftest.c:83:6: warning: conflicting types for built-in function 'strncasecmp' [enabled by default]
configure:5231: $? = 0
configure:5231: result: yes
configure:5284: checking for ranlib
configure:5300: found /usr/bin/ranlib
configure:5311: result: ranlib
configure:5466: creating ./config.status

## ---------------------- ##
## Running config.status. ##
## ---------------------- ##

This file was extended by Robo Soccer config.status 1.0, which was
generated by GNU Autoconf 2.68.  Invocation command line was

  CONFIG_FILES    = 
  CONFIG_HEADERS  = 
  CONFIG_LINKS    = 
  CONFIG_COMMANDS = 
  $ ./config.status 

on cardinal

config.status:905: creating Makefile
config.status:905: creating src/Makefile
config.status:905: creating Bluetooth/nxtlibc-0.1/Makefile
config.status:905: creating include/config.h
config.status:1086: include/config.h is unchanged
config.status:1134: executing depfiles commands

## ---------------- ##
## Cache variables. ##
## ---------------- ##

ac_cv_c_compiler_gnu=yes
ac_cv_c_inline=inline
ac_cv_c_uint16_t=yes
ac_cv_c_uint32_t=yes
ac_cv_c_uint64_t=yes
ac_cv_c_uint8_t=yes
ac_cv_env_CC_set=
ac_cv_env_CC_value=
ac_cv_env_CFLAGS_set=
ac_cv_env_CFLAGS_value=
ac_cv_env_CPPFLAGS_set=
ac_cv_env_CPPFLAGS_value=
ac_cv_env_CPP_set=
ac_cv_env_CPP_value=
ac_cv_env_LDFLAGS_set=
ac_cv_env_LDFLAGS_value=
ac_cv_env_LIBS_set=
ac_cv_env_LIBS_value=
ac_cv_env_XMKMF_set=
ac_cv_env_XMKMF_value=
ac_cv_env_build_alias_set=
ac_cv_env_build_alias_value=
ac_cv_env_host_alias_set=
ac_cv_env_host_alias_value=
ac_cv_env_target_alias_set=
ac_cv_env_target_alias_value=
ac_cv_func_floor=yes
ac_cv_func_ftruncate=yes
ac_cv_func_getpagesize=yes
ac_cv_func_malloc_0_nonnull=yes
ac_cv_func_memset=yes
ac_cv_func_mmap_fixed_mapped=yes
ac_cv_func_pow=yes
ac_cv_func_realloc_0_nonnull=yes
ac_cv_func_select=yes
ac_cv_func_socket=yes
ac_cv_func_sqrt=yes
ac_cv_func_strdup=yes
ac_cv_func_strerror=yes
ac_cv_func_strncasecmp=yes
ac_cv_have_x='have_x=yes	ac_x_includes='\'''\''	ac_x_libraries='\'''\'''
ac_cv_header_fcntl_h=yes
ac_cv_header_inttypes_h=yes
ac_cv_header_limits_h=yes
ac_cv_header_malloc_h=yes
ac_cv_header_memory_h=yes
ac_cv_header_stdc=yes
ac_cv_header_stdint_h=yes
ac_cv_header_stdlib_h=yes
ac_cv_header_string_h=yes
ac_cv_header_strings_h=yes
ac_cv_header_sys_file_h=yes
ac_cv_header_sys_ioctl_h=yes
ac_cv_header_sys_param_h=yes
ac_cv_header_sys_socket_h=yes
ac_cv_header_sys_stat_h=yes
ac_cv_header_sys_time_h=yes
ac_cv_header_sys_types_h=yes
ac_cv_header_unistd_h=yes
ac_cv_lib_GLU_gluBeginTrim=yes
ac_cv_lib_GL_glEnable=yes
ac_cv_lib_SDL_SDL_Init=yes
ac_cv_lib_bluetooth_baswap=yes
ac_cv_lib_glut_glutInit=yes
ac_cv_lib_jpeg_jpeg_CreateCompress=yes
ac_cv_lib_m_sqrt=yes
ac_cv_lib_pthread_pthread_create=yes
ac_cv_objext=o
ac_cv_path_EGREP='/bin/grep -E'
ac_cv_path_GREP=/bin/grep
ac_cv_path_install='/usr/bin/install -c'
ac_cv_path_mkdir=/bin/mkdir
ac_cv_prog_AWK=gawk
ac_cv_prog_CPP='gcc -E'
ac_cv_prog_ac_ct_CC=gcc
ac_cv_prog_ac_ct_RANLIB=ranlib
ac_cv_prog_cc_c89=
ac_cv_prog_cc_g=yes
ac_cv_prog_make_make_set=yes
ac_cv_type_off_t=yes
ac_cv_type_size_t=yes
ac_cv_type_ssize_t=yes
am_cv_CC_dependencies_compiler_type=gcc3

## ----------------- ##
## Output variables. ##
## ----------------- ##

ACLOCAL='${SHELL} /home/strider/CS/course_material/MyCourses/Fall_2013/C85/Soccer_CodeBase/utsc-robo-soccer/missing --run aclocal-1.11'
AMDEPBACKSLASH='\'
AMDEP_FALSE='#'
AMDEP_TRUE=''
AMTAR='$${TAR-tar}'
AUTOCONF='${SHELL} /home/strider/CS/course_material/MyCourses/Fall_2013/C85/Soccer_CodeBase/utsc-robo-soccer/missing --run autoconf'
AUTOHEADER='${SHELL} /home/strider/CS/course_material/MyCourses/Fall_2013/C85/Soccer_CodeBase/utsc-robo-soccer/missing --run autoheader'
AUTOMAKE='${SHELL} /home/strider/CS/course_material/MyCourses/Fall_2013/C85/Soccer_CodeBase/utsc-robo-soccer/missing --run automake-1.11'
AWK='gawk'
CC='gcc'
CCDEPMODE='depmode=gcc3'
CFLAGS='-g -O2'
CPP='gcc -E'
CPPFLAGS=''
CYGPATH_W='echo'
DEFS='-DHAVE_CONFIG_H'
DEPDIR='.deps'
ECHO_C=''
ECHO_N='-n'
ECHO_T=''
EGREP='/bin/grep -E'
EXEEXT=''
GREP='/bin/grep'
INSTALL_DATA='${INSTALL} -m 644'
INSTALL_PROGRAM='${INSTALL}'
INSTALL_SCRIPT='${INSTALL}'
INSTALL_STRIP_PROGRAM='$(install_sh) -c -s'
LDFLAGS=''
LIBOBJS=''
LIBS='-lpthread -lm -lbluetooth -ljpeg -lglut -lSDL -lGLU -lGL '
LN_S='ln -s'
LTLIBOBJS=''
MAKEINFO='${SHELL} /home/strider/CS/course_material/MyCourses/Fall_2013/C85/Soccer_CodeBase/utsc-robo-soccer/missing --run makeinfo'
MKDIR_P='/bin/mkdir -p'
OBJEXT='o'
PACKAGE='robo-soccer'
PACKAGE_BUGREPORT='wisalam@live.com'
PACKAGE_NAME='Robo Soccer'
PACKAGE_STRING='Robo Soccer 1.0'
PACKAGE_TARNAME='robo-soccer'
PACKAGE_URL=''
PACKAGE_VERSION='1.0'
PATH_SEPARATOR=':'
RANLIB='ranlib'
SET_MAKE=''
SHELL='/bin/bash'
STRIP=''
VERSION='1.0'
XMKMF=''
ac_ct_CC='gcc'
am__EXEEXT_FALSE=''
am__EXEEXT_TRUE='#'
am__fastdepCC_FALSE='#'
am__fastdepCC_TRUE=''
am__include='include'
am__isrc=''
am__leading_dot='.'
am__nodep='_no'
am__quote=''
am__tar='$${TAR-tar} chof - "$$tardir"'
am__untar='$${TAR-tar} xf -'
bindir='${exec_prefix}/bin'
build_alias=''
datadir='${datarootdir}'
datarootdir='${prefix}/share'
docdir='${datarootdir}/doc/${PACKAGE_TARNAME}'
dvidir='${docdir}'
exec_prefix='${prefix}'
host_alias=''
htmldir='${docdir}'
includedir='${prefix}/include'
infodir='${datarootdir}/info'
install_sh='${SHELL} /home/strider/CS/course_material/MyCourses/Fall_2013/C85/Soccer_CodeBase/utsc-robo-soccer/install-sh'
libdir='${exec_prefix}/lib'
libexecdir='${exec_prefix}/libexec'
localedir='${datarootdir}/locale'
localstatedir='${prefix}/var'
mandir='${datarootdir}/man'
mkdir_p='/bin/mkdir -p'
oldincludedir='/usr/include'
pdfdir='${docdir}'
prefix='/home/strider/CS/course_material/MyCourses/Fall_2013/C85/Soccer_CodeBase/utsc-robo-soccer'
program_transform_name='s,x,x,'
psdir='${docdir}'
sbindir='${exec_prefix}/sbin'
sharedstatedir='${prefix}/com'
sysconfdir='${prefix}/etc'
target_alias=''

## ----------- ##
## confdefs.h. ##
## ----------- ##

/* confdefs.h */
#define PACKAGE_NAME "Robo Soccer"
#define PACKAGE_TARNAME "robo-soccer"
#define PACKAGE_VERSION "1.0"
#define PACKAGE_STRING "Robo Soccer 1.0"
#define PACKAGE_BUGREPORT "wisalam@live.com"
#define PACKAGE_URL ""
#define PACKAGE "robo-soccer"
#define VERSION "1.0"
#define HAVE_LIBGL 1
#define HAVE_LIBGLU 1
#define HAVE_LIBSDL 1
#define HAVE_LIBGLUT 1
#define HAVE_LIBJPEG 1
#define HAVE_LIBBLUETOOTH 1
#define HAVE_LIBM 1
#define HAVE_LIBPTHREAD 1
#define STDC_HEADERS 1
#define HAVE_SYS_TYPES_H 1
#define HAVE_SYS_STAT_H 1
#define HAVE_STDLIB_H 1
#define HAVE_STRING_H 1
#define HAVE_MEMORY_H 1
#define HAVE_STRINGS_H 1
#define HAVE_INTTYPES_H 1
#define HAVE_STDINT_H 1
#define HAVE_UNISTD_H 1
#define HAVE_FCNTL_H 1
#define HAVE_INTTYPES_H 1
#define HAVE_LIMITS_H 1
#define HAVE_MALLOC_H 1
#define HAVE_STDINT_H 1
#define HAVE_STDLIB_H 1
#define HAVE_STRING_H 1
#define HAVE_SYS_FILE_H 1
#define HAVE_SYS_IOCTL_H 1
#define HAVE_SYS_PARAM_H 1
#define HAVE_SYS_SOCKET_H 1
#define HAVE_SYS_TIME_H 1
#define HAVE_UNISTD_H 1
#define HAVE_STDLIB_H 1
#define HAVE_MALLOC 1
#define HAVE_STDLIB_H 1
#define HAVE_UNISTD_H 1
#define HAVE_SYS_PARAM_H 1
#define HAVE_GETPAGESIZE 1
#define HAVE_MMAP 1
#define HAVE_STDLIB_H 1
#define HAVE_REALLOC 1
#define HAVE_FLOOR 1
#define HAVE_FTRUNCATE 1
#define HAVE_MEMSET 1
#define HAVE_POW 1
#define HAVE_SELECT 1
#define HAVE_SOCKET 1
#define HAVE_SQRT 1
#define HAVE_STRDUP 1
#define HAVE_STRERROR 1
#define HAVE_STRNCASECMP 1

configure: exit 0
